<?xml version="1.0" encoding="UTF-8"?>
<!-- Generated by org.testng.reporters.JUnitXMLReporter -->
<testsuite ignored="0" hostname="DESKTOP-11P1576" failures="0" tests="4" name="CurrentAccount" time="0.15" errors="0" timestamp="2023-06-24T18:21:00 IST">
  <testcase classname="DemoMaven.TestNGDemo.CurrentAccountTestClass2" name="test1" time="0.021"/>
  <testcase classname="DemoMaven.TestNGDemo.CurrentAccountTestClass2" name="test2" time="0.002"/>
  <testcase classname="DemoMaven.TestNGDemo.CurrentAccountTestClass1" name="test1" time="0.003"/>
  <testcase classname="DemoMaven.TestNGDemo.CurrentAccountTestClass1" name="test2" time="0.022"/>
</testsuite> <!-- CurrentAccount -->
