<?xml version="1.0" encoding="UTF-8"?>
<testng-results ignored="0" total="2" passed="2" failed="0" skipped="0">
  <reporter-output>
  </reporter-output>
  <suite started-at="2023-08-12T20:44:56 IST" name="Suite" finished-at="2023-08-12T20:50:24 IST" duration-ms="327704">
    <groups>
    </groups>
    <test started-at="2023-08-12T20:44:56 IST" name="Test" finished-at="2023-08-12T20:46:37 IST" duration-ms="101493">
      <class name="CrossBrowserTestingTentNg.CrossBrowserTestingDemo">
        <test-method is-config="true" signature="LaunchBrowser(java.lang.String)[pri:0, instance:CrossBrowserTestingTentNg.CrossBrowserTestingDemo@290222c1]" started-at="2023-08-12T20:44:56 IST" name="LaunchBrowser" finished-at="2023-08-12T20:46:33 IST" duration-ms="96983" status="PASS">
          <params>
            <param index="0">
              <value>
                <![CDATA[chrome]]>
              </value>
            </param>
          </params>
          <reporter-output>
          </reporter-output>
        </test-method> <!-- LaunchBrowser -->
        <test-method signature="verifyTitle()[pri:0, instance:CrossBrowserTestingTentNg.CrossBrowserTestingDemo@290222c1]" started-at="2023-08-12T20:46:33 IST" name="verifyTitle" finished-at="2023-08-12T20:46:37 IST" duration-ms="4353" status="PASS">
          <reporter-output>
          </reporter-output>
        </test-method> <!-- verifyTitle -->
      </class> <!-- CrossBrowserTestingTentNg.CrossBrowserTestingDemo -->
    </test> <!-- Test -->
    <test started-at="2023-08-12T20:46:38 IST" name="Testonfirefox" finished-at="2023-08-12T20:50:24 IST" duration-ms="225720">
      <class name="CrossBrowserTestingTentNg.CrossBrowserTestingDemo">
        <test-method is-config="true" signature="LaunchBrowser(java.lang.String)[pri:0, instance:CrossBrowserTestingTentNg.CrossBrowserTestingDemo@76a4ebf2]" started-at="2023-08-12T20:46:38 IST" name="LaunchBrowser" finished-at="2023-08-12T20:49:47 IST" duration-ms="189293" status="PASS">
          <params>
            <param index="0">
              <value>
                <![CDATA[firefox]]>
              </value>
            </param>
          </params>
          <reporter-output>
          </reporter-output>
        </test-method> <!-- LaunchBrowser -->
        <test-method signature="verifyTitle()[pri:0, instance:CrossBrowserTestingTentNg.CrossBrowserTestingDemo@76a4ebf2]" started-at="2023-08-12T20:49:47 IST" name="verifyTitle" finished-at="2023-08-12T20:50:24 IST" duration-ms="36420" status="PASS">
          <reporter-output>
          </reporter-output>
        </test-method> <!-- verifyTitle -->
      </class> <!-- CrossBrowserTestingTentNg.CrossBrowserTestingDemo -->
    </test> <!-- Testonfirefox -->
  </suite> <!-- Suite -->
</testng-results>
