<?xml version="1.0" encoding="UTF-8"?>
<!-- Generated by org.testng.reporters.JUnitXMLReporter -->
<testsuite ignored="0" hostname="DESKTOP-11P1576" failures="0" tests="5" name="Functional testing going" time="0.036" errors="0" timestamp="2023-07-23T21:39:11 IST">
  <testcase classname="BatchTesting.ProductPageList" name="AddProductToCart" time="0.002"/>
  <testcase classname="BatchTesting.ProductPageList" name="AddProductToWishlist" time="0.006"/>
  <testcase classname="BatchTesting.ProductPageList" name="SelectQuantity" time="0.004"/>
  <testcase classname="BatchTesting.PaymentTest" name="Netbanking" time="0.002"/>
  <testcase classname="BatchTesting.PaymentTest" name="cashonDelivery" time="0.002"/>
</testsuite> <!-- Functional testing going -->
