<?xml version="1.0" encoding="UTF-8"?>
<testng-results ignored="0" total="1" passed="1" failed="0" skipped="0">
  <reporter-output>
  </reporter-output>
  <suite started-at="2023-06-24T16:45:46 IST" name="Default suite" finished-at="2023-06-24T16:47:33 IST" duration-ms="106875">
    <groups>
    </groups>
    <test started-at="2023-06-24T16:45:46 IST" name="Default test" finished-at="2023-06-24T16:47:33 IST" duration-ms="106875">
      <class name="DemoMaven.WebDrivewrMgr.TestNgDemo">
        <test-method signature="verifyPageTitle()[pri:0, instance:DemoMaven.WebDrivewrMgr.TestNgDemo@21e360a]" started-at="2023-06-24T16:45:46 IST" name="verifyPageTitle" finished-at="2023-06-24T16:47:33 IST" duration-ms="106592" status="PASS">
          <reporter-output>
          </reporter-output>
        </test-method> <!-- verifyPageTitle -->
      </class> <!-- DemoMaven.WebDrivewrMgr.TestNgDemo -->
    </test> <!-- Default test -->
  </suite> <!-- Default suite -->
</testng-results>
