<?xml version="1.0" encoding="UTF-8"?>
<!-- Generated by org.testng.reporters.JUnitXMLReporter -->
<testsuite ignored="0" hostname="DESKTOP-11P1576" failures="0" tests="5" name="Sanity testing going" time="0.282" errors="0" timestamp="2023-07-23T21:39:11 IST">
  <testcase classname="BatchTesting.HomeScreenTest" name="LaunchApplication" time="0.051"/>
  <testcase classname="BatchTesting.HomeScreenTest" name="VerifyLogo" time="0.003"/>
  <testcase classname="BatchTesting.HomeScreenTest" name="VrifyTitle" time="0.012"/>
  <testcase classname="BatchTesting.LoginTest" name="LoginByEmail" time="0.004"/>
  <testcase classname="BatchTesting.LoginTest" name="LoginByMobileNumber" time="0.018"/>
</testsuite> <!-- Sanity testing going -->
